#
# There is insufficient memory for the Java Runtime Environment to continue.
# Native memory allocation (mmap) failed to map 536870912 bytes for G1 virtual space
# Possible reasons:
#   The system is out of physical RAM or swap space
#   The process is running with CompressedOops enabled, and the Java Heap may be blocking the growth of the native heap
# Possible solutions:
#   Reduce memory load on the system
#   Increase physical memory or swap space
#   Check if swap backing store is full
#   Decrease Java heap size (-Xmx/-Xms)
#   Decrease number of Java threads
#   Decrease Java thread stack sizes (-Xss)
#   Set larger code cache with -XX:ReservedCodeCacheSize=
#   JVM is running with Zero Based Compressed Oops mode in which the Java heap is
#     placed in the first 32GB address space. The Java Heap base address is the
#     maximum limit for the native heap growth. Please use -XX:HeapBaseMinAddress
#     to set the Java Heap base and to place the Java Heap above 32GB virtual address.
# This output file may be truncated or incomplete.
#
#  Out of Memory Error (os_windows.cpp:3603), pid=11644, tid=14800
#
# JRE version:  (21.0.6+8) (build )
# Java VM: Java HotSpot(TM) 64-Bit Server VM (21.0.6+8-LTS-188, mixed mode, sharing, tiered, compressed oops, compressed class ptrs, g1 gc, windows-amd64)
# No core dump will be written. Minidumps are not enabled by default on client versions of Windows
#

---------------  S U M M A R Y ------------

Command Line: -Dnet.bytebuddy.agent.attacher.dump= net.bytebuddy.agent.Attacher com.sun.tools.attach.VirtualMachine 9364 C:\Users\Near\.gradle\caches\modules-2\files-2.1\net.bytebuddy\byte-buddy-agent\1.15.11\a38b16385e867f59a641330f0362ebe742788ed8\byte-buddy-agent-1.15.11.jar false 

Host: AMD Ryzen 9 5900X 12-Core Processor            , 24 cores, 31G,  Windows 11 , 64 bit Build 26100 (10.0.26100.3912)
Time: Tue May 27 17:20:18 2025 Central Daylight Time elapsed time: 6.747663 seconds (0d 0h 0m 6s)

---------------  T H R E A D  ---------------

Current thread (0x0000016277d2f230):  JavaThread "Unknown thread" [_thread_in_vm, id=14800, stack(0x0000002997500000,0x0000002997600000) (1024K)]

Stack: [0x0000002997500000,0x0000002997600000]
Native frames: (J=compiled Java code, j=interpreted, Vv=VM code, C=native code)
V  [jvm.dll+0x6ca6d9]
V  [jvm.dll+0x854f51]
V  [jvm.dll+0x85747e]
V  [jvm.dll+0x857b53]
V  [jvm.dll+0x27dcc6]
V  [jvm.dll+0x6c6e55]
V  [jvm.dll+0x6bb9da]
V  [jvm.dll+0x35393a]
V  [jvm.dll+0x35b596]
V  [jvm.dll+0x3adefe]
V  [jvm.dll+0x3ae1a8]
V  [jvm.dll+0x327cbc]
V  [jvm.dll+0x32881b]
V  [jvm.dll+0x81e309]
V  [jvm.dll+0x3babe1]
V  [jvm.dll+0x807658]
V  [jvm.dll+0x44fdae]
V  [jvm.dll+0x4519a1]
C  [jli.dll+0x52a3]
C  [ucrtbase.dll+0x37b0]
C  [KERNEL32.DLL+0x2e8d7]
C  [ntdll.dll+0x9c5dc]


---------------  P R O C E S S  ---------------

Threads class SMR info:
_java_thread_list=0x00007ff825e3cc08, length=0, elements={
}

Java Threads: ( => current thread )
Total: 0

Other Threads:
  0x0000016277dd7b20 WorkerThread "GC Thread#0"                     [id=40324, stack(0x0000002997600000,0x0000002997700000) (1024K)]
  0x0000016277dea9b0 ConcurrentGCThread "G1 Main Marker"            [id=10256, stack(0x0000002997700000,0x0000002997800000) (1024K)]
  0x0000016277deb4b0 WorkerThread "G1 Conc#0"                       [id=43772, stack(0x0000002997800000,0x0000002997900000) (1024K)]

[error occurred during error reporting (printing all threads), id 0xc0000005, EXCEPTION_ACCESS_VIOLATION (0xc0000005) at pc=0x00007ff8255aa427]
VM state: not at safepoint (not fully initialized)

VM Mutex/Monitor currently owned by a thread:  ([mutex/lock_event])
[0x00007ff825eadf98] Heap_lock - owner thread: 0x0000016277d2f230

Heap address: 0x0000000601000000, size: 8176 MB, Compressed Oops mode: Zero based, Oop shift amount: 3

CDS archive(s) mapped at: [0x0000000000000000-0x0000000000000000-0x0000000000000000), size 0, SharedBaseAddress: 0x0000000800000000, ArchiveRelocationMode: 1.
Narrow klass base: 0x0000000000000000, Narrow klass shift: 0, Narrow klass range: 0x0

GC Precious Log:
 CardTable entry size: 512
 Card Set container configuration: InlinePtr #cards 4 size 8 Array Of Cards #cards 32 size 80 Howl #buckets 8 coarsen threshold 7372 Howl Bitmap #cards 1024 size 144 coarsen threshold 921 Card regions per heap region 1 cards per card region 8192

Heap:
 garbage-first heap   total 0K, used 0K [0x0000000601000000, 0x0000000800000000)
  region size 4096K, 0 young (0K), 0 survivors (0K)

[error occurred during error reporting (printing heap information), id 0xc0000005, EXCEPTION_ACCESS_VIOLATION (0xc0000005) at pc=0x00007ff8259936a9]
GC Heap History (0 events):
No events

Dll operation events (1 events):
Event: 0.007 Loaded shared library C:\Program Files\Java\jdk-21\bin\java.dll

Deoptimization events (0 events):
No events

Classes loaded (0 events):
No events

Classes unloaded (0 events):
No events

Classes redefined (0 events):
No events

Internal exceptions (0 events):
No events

ZGC Phase Switch (0 events):
No events

VM Operations (0 events):
No events

Events (0 events):
No events


Dynamic libraries:
0x00007ff655d20000 - 0x00007ff655d30000 	C:\Program Files\Java\jdk-21\bin\java.exe
0x00007ff8dea40000 - 0x00007ff8deca6000 	C:\WINDOWS\SYSTEM32\ntdll.dll
0x00007ff8dd050000 - 0x00007ff8dd119000 	C:\WINDOWS\System32\KERNEL32.DLL
0x00007ff8dc170000 - 0x00007ff8dc53c000 	C:\WINDOWS\System32\KERNELBASE.dll
0x00007ff8dbc80000 - 0x00007ff8dbdcb000 	C:\WINDOWS\System32\ucrtbase.dll
0x00007ff880170000 - 0x00007ff88018b000 	C:\Program Files\Java\jdk-21\bin\VCRUNTIME140.dll
0x00007ff894000000 - 0x00007ff894019000 	C:\Program Files\Java\jdk-21\bin\jli.dll
0x00007ff8dd4d0000 - 0x00007ff8dd582000 	C:\WINDOWS\System32\ADVAPI32.dll
0x00007ff8de840000 - 0x00007ff8de8e9000 	C:\WINDOWS\System32\msvcrt.dll
0x00007ff8ddfa0000 - 0x00007ff8de046000 	C:\WINDOWS\System32\sechost.dll
0x00007ff8de390000 - 0x00007ff8de4a6000 	C:\WINDOWS\System32\RPCRT4.dll
0x00007ff8dd280000 - 0x00007ff8dd44a000 	C:\WINDOWS\System32\USER32.dll
0x00007ff8c4b80000 - 0x00007ff8c4e1a000 	C:\WINDOWS\WinSxS\amd64_microsoft.windows.common-controls_6595b64144ccf1df_6.0.26100.3912_none_3e07963ce335137e\COMCTL32.dll
0x00007ff8dbdd0000 - 0x00007ff8dbdf7000 	C:\WINDOWS\System32\win32u.dll
0x00007ff8dd5b0000 - 0x00007ff8dd5db000 	C:\WINDOWS\System32\GDI32.dll
0x00007ff8dc540000 - 0x00007ff8dc672000 	C:\WINDOWS\System32\gdi32full.dll
0x00007ff8dbbd0000 - 0x00007ff8dbc73000 	C:\WINDOWS\System32\msvcp_win.dll
0x00007ff8d4bb0000 - 0x00007ff8d4bbb000 	C:\WINDOWS\SYSTEM32\VERSION.dll
0x00007ff8dca70000 - 0x00007ff8dcaa0000 	C:\WINDOWS\System32\IMM32.DLL
0x00007ff8ab1e0000 - 0x00007ff8ab1ec000 	C:\Program Files\Java\jdk-21\bin\vcruntime140_1.dll
0x00007ff83b190000 - 0x00007ff83b21e000 	C:\Program Files\Java\jdk-21\bin\msvcp140.dll
0x00007ff825270000 - 0x00007ff825f8a000 	C:\Program Files\Java\jdk-21\bin\server\jvm.dll
0x00007ff8de200000 - 0x00007ff8de274000 	C:\WINDOWS\System32\WS2_32.dll
0x00007ff8db460000 - 0x00007ff8db4be000 	C:\WINDOWS\SYSTEM32\POWRPROF.dll
0x00007ff8cabc0000 - 0x00007ff8cabf6000 	C:\WINDOWS\SYSTEM32\WINMM.dll
0x00007ff8db3f0000 - 0x00007ff8db404000 	C:\WINDOWS\SYSTEM32\UMPDC.dll
0x00007ff8da960000 - 0x00007ff8da97a000 	C:\WINDOWS\SYSTEM32\kernel.appcore.dll
0x00007ff8a7690000 - 0x00007ff8a769a000 	C:\Program Files\Java\jdk-21\bin\jimage.dll
0x00007ff8d95a0000 - 0x00007ff8d97e1000 	C:\WINDOWS\SYSTEM32\DBGHELP.DLL
0x00007ff8de4b0000 - 0x00007ff8de834000 	C:\WINDOWS\System32\combase.dll
0x00007ff8dd190000 - 0x00007ff8dd270000 	C:\WINDOWS\System32\OLEAUT32.dll
0x00007ff8baac0000 - 0x00007ff8baaf9000 	C:\WINDOWS\SYSTEM32\dbgcore.DLL
0x00007ff8dbec0000 - 0x00007ff8dbf59000 	C:\WINDOWS\System32\bcryptPrimitives.dll
0x00007ff8800a0000 - 0x00007ff8800bf000 	C:\Program Files\Java\jdk-21\bin\java.dll

dbghelp: loaded successfully - version: 4.0.5 - missing functions: none
symbol engine: initialized successfully - sym options: 0x614 - pdb path: .;C:\Program Files\Java\jdk-21\bin;C:\WINDOWS\SYSTEM32;C:\WINDOWS\WinSxS\amd64_microsoft.windows.common-controls_6595b64144ccf1df_6.0.26100.3912_none_3e07963ce335137e;C:\Program Files\Java\jdk-21\bin\server

VM Arguments:
jvm_args: -Dnet.bytebuddy.agent.attacher.dump= 
java_command: net.bytebuddy.agent.Attacher com.sun.tools.attach.VirtualMachine 9364 C:\Users\Near\.gradle\caches\modules-2\files-2.1\net.bytebuddy\byte-buddy-agent\1.15.11\a38b16385e867f59a641330f0362ebe742788ed8\byte-buddy-agent-1.15.11.jar false 
java_class_path (initial): C:\Users\Near\.gradle\caches\modules-2\files-2.1\net.bytebuddy\byte-buddy-agent\1.15.11\a38b16385e867f59a641330f0362ebe742788ed8\byte-buddy-agent-1.15.11.jar
Launcher Type: SUN_STANDARD

[Global flags]
     intx CICompilerCount                          = 12                                        {product} {ergonomic}
     uint ConcGCThreads                            = 5                                         {product} {ergonomic}
     uint G1ConcRefinementThreads                  = 18                                        {product} {ergonomic}
   size_t G1HeapRegionSize                         = 4194304                                   {product} {ergonomic}
    uintx GCDrainStackTargetSize                   = 64                                        {product} {ergonomic}
   size_t InitialHeapSize                          = 536870912                                 {product} {ergonomic}
   size_t MarkStackSize                            = 4194304                                   {product} {ergonomic}
   size_t MaxHeapSize                              = 8573157376                                {product} {ergonomic}
   size_t MinHeapDeltaBytes                        = 4194304                                   {product} {ergonomic}
   size_t MinHeapSize                              = 8388608                                   {product} {ergonomic}
    uintx NonNMethodCodeHeapSize                   = 7602480                                {pd product} {ergonomic}
    uintx NonProfiledCodeHeapSize                  = 122027880                              {pd product} {ergonomic}
    uintx ProfiledCodeHeapSize                     = 122027880                              {pd product} {ergonomic}
    uintx ReservedCodeCacheSize                    = 251658240                              {pd product} {ergonomic}
     bool SegmentedCodeCache                       = true                                      {product} {ergonomic}
   size_t SoftMaxHeapSize                          = 8573157376                             {manageable} {ergonomic}
     bool UseCompressedOops                        = true                           {product lp64_product} {ergonomic}
     bool UseG1GC                                  = true                                      {product} {ergonomic}
     bool UseLargePagesIndividualAllocation        = false                                  {pd product} {ergonomic}

Logging:
Log output configuration:
 #0: stdout all=warning uptime,level,tags foldmultilines=false
 #1: stderr all=off uptime,level,tags foldmultilines=false

Environment Variables:
JAVA_HOME=C:\Program Files\Eclipse Adoptium\jdk-17.0.6.10-hotspot\
PATH=C:\Program Files\Common Files\Oracle\Java\javapath;C:\Program Files\Eclipse Adoptium\jdk-17.0.6.10-hotspot\bin;C:\Program Files (x86)\Common Files\Oracle\Java\javapath;C:\Program Files (x86)\Common Files\Intel\Shared Files\cpp\bin\Intel64;C:\Program Files (x86)\Common Files\Intel\Shared Libraries\redist\intel64\compiler;C:\ProgramData\Oracle\Java\javapath;C:\WINDOWS\system32;C:\WINDOWS;C:\WINDOWS\System32\Wbem;C:\WINDOWS\System32\WindowsPowerShell\v1.0\;C:\WINDOWS\System32\OpenSSH\;C:\Program Files\Common Files\Autodesk Shared\;C:\Program Files (x86)\Autodesk\Backburner\;C:\Program Files\NVIDIA Corporation\NVIDIA NvDLISR;C:\Program Files (x86)\Calibre2\;C:\Program Files (x86)\NVIDIA Corporation\PhysX\Common;C:\Program Files\dotnet\;C:\Program Files\Microsoft SQL Server\150\Tools\Binn\;C:\Program Files\Microsoft SQL Server\Client SDK\ODBC\170\Tools\Binn\;C:\Program Files\nodejs\;C:\Program Files\Git\cmd;C:\Wamp.NET\.wdn\.php;C:\Wamp.NET\.wdn\.mysql;C:\Wamp.NET\.wdn\.pgsql;C:\ProgramData\chocolatey\bin;C:\Users\Near\.local\bin;C:\Program Files\GitHub CLI\;C:\Program Files (x86)\ZeroTier\One\;C:\Program Files\Process Lasso\;;C:\WINDOWS\system32;C:\WINDOWS;C:\WINDOWS\System32\Wbem;C:\WINDOWS\System32\WindowsPowerShell\v1.0\;C:\WINDOWS\System32\OpenSSH\;C:\Program Files\Docker\Docker\resources\bin;C:\Program Files\PowerShell\7\;C:\Users\Near\AppData\Local\Programs\Python\Python313\Scripts\;C:\Users\Near\AppData\Local\Programs\Python\Python313\;C:\Users\Near\AppData\Local\Programs\Python\Python312\Scripts\;C:\Users\Near\AppData\Local\Programs\Python\Python312\;C:\Users\Near\AppData\Local\Programs\Python\Launcher\;C:\Program Files\MySQL\MySQL Shell 8.0\bin\;C:\Program Files (x86)\Common Files\Intel\Shared Libraries\redist\intel64_win\compiler;C:\Users\Near\AppData\Local\Microsoft\WindowsApps;C:\Users\Near\AppData\Local\Programs\Microsoft VS Code\bin;C:\Users\Near\.dotnet\tools;C:\Users\Near\AppData\Local\GitHubDesktop\bin;C:\Users\Near\AppData\Roaming\npm;C:\Program Files\Neovim\bin;C:\Users\Near\apache-maven-3.9.6-bin\apache-maven-3.9.6\bin;C:\ProgramData\mingw64\mingw64\bin;
USERNAME=Near
OS=Windows_NT
PROCESSOR_IDENTIFIER=AMD64 Family 25 Model 33 Stepping 2, AuthenticAMD
TMP=C:\Users\Near\AppData\Local\Temp
TEMP=C:\Users\Near\AppData\Local\Temp




Periodic native trim disabled

---------------  S Y S T E M  ---------------

OS:
 Windows 11 , 64 bit Build 26100 (10.0.26100.3912)
OS uptime: 9 days 22:27 hours
Hyper-V role detected

CPU: total 24 (initial active 24) (24 cores per cpu, 2 threads per core) family 25 model 33 stepping 2 microcode 0xa20120e, cx8, cmov, fxsr, ht, mmx, 3dnowpref, sse, sse2, sse3, ssse3, sse4a, sse4.1, sse4.2, popcnt, lzcnt, tsc, tscinvbit, avx, avx2, aes, clmul, bmi1, bmi2, adx, sha, fma, vzeroupper, clflush, clflushopt, hv, rdtscp, rdpid, f16c, cet_ss
Processor Information for all 24 processors :
  Max Mhz: 3701, Current Mhz: 3701, Mhz Limit: 3701

Memory: 4k page, system-wide physical 32692M (3329M free)
TotalPageFile size 74807M (AvailPageFile size 233M)
current process WorkingSet (physical memory assigned to process): 13M, peak: 13M
current process commit charge ("private bytes"): 81M, peak: 593M

vm_info: Java HotSpot(TM) 64-Bit Server VM (21.0.6+8-LTS-188) for windows-amd64 JRE (21.0.6+8-LTS-188), built on 2024-12-03T10:50:54Z by "mach5one" with MS VC++ 17.6 (VS2022)

END.
